<?xml version="1.0" encoding="UTF-8"?>
<!-- Generated by org.testng.reporters.JUnitXMLReporter -->
<testsuite hostname="SARKAR" ignored="0" name="Test" tests="3" failures="0" timestamp="07 Apr 2019 07:36:39 GMT" time="58.59" errors="0">
  <testcase name="cLead" time="5.889" classname="week5.Day2.Task.CreateLead"/>
  <testcase name="cLead" time="7.45" classname="week5.Day2.Task.CreateLead"/>
  <testcase name="cLead" time="8.477" classname="week5.Day2.Task.CreateLead"/>
</testsuite> <!-- Test -->
