<?xml version="1.0" encoding="UTF-8"?>
<testng-results skipped="0" failed="0" ignored="0" total="1" passed="1">
  <reporter-output>
  </reporter-output>
  <suite name="Default suite" duration-ms="35750" started-at="2019-04-13T12:53:49Z" finished-at="2019-04-13T12:54:25Z">
    <groups>
      <group name="cucumber">
        <method signature="AbstractTestNGCucumberTests.runScenario(cucumber.api.testng.PickleEventWrapper, cucumber.api.testng.CucumberFeatureWrapper)[pri:0, instance:week6.Day1.LearnCucumber.RunnerClass.Login1@4bec1f0c]" name="runScenario" class="cucumber.api.testng.AbstractTestNGCucumberTests"/>
      </group> <!-- cucumber -->
    </groups>
    <test name="Default test" duration-ms="35750" started-at="2019-04-13T12:53:49Z" finished-at="2019-04-13T12:54:25Z">
      <class name="week6.Day1.LearnCucumber.RunnerClass.Login1">
        <test-method status="PASS" signature="setUpClass()[pri:0, instance:week6.Day1.LearnCucumber.RunnerClass.Login1@4bec1f0c]" name="setUpClass" is-config="true" duration-ms="157" started-at="2019-04-13T12:53:49Z" finished-at="2019-04-13T12:53:49Z">
          <reporter-output>
          </reporter-output>
        </test-method> <!-- setUpClass -->
        <test-method status="PASS" signature="runScenario(cucumber.api.testng.PickleEventWrapper, cucumber.api.testng.CucumberFeatureWrapper)[pri:0, instance:week6.Day1.LearnCucumber.RunnerClass.Login1@4bec1f0c]" name="runScenario" duration-ms="35514" started-at="2019-04-13T12:53:49Z" description="Runs Cucumber Scenarios" data-provider="scenarios" finished-at="2019-04-13T12:54:25Z">
          <params>
            <param index="0">
              <value>
                <![CDATA["Positive Flow for login"]]>
              </value>
            </param>
            <param index="1">
              <value>
                <![CDATA["LeafTaps Login"]]>
              </value>
            </param>
          </params>
          <reporter-output>
          </reporter-output>
        </test-method> <!-- runScenario -->
        <test-method status="PASS" signature="tearDownClass()[pri:0, instance:week6.Day1.LearnCucumber.RunnerClass.Login1@4bec1f0c]" name="tearDownClass" is-config="true" duration-ms="6" started-at="2019-04-13T12:54:25Z" finished-at="2019-04-13T12:54:25Z">
          <reporter-output>
          </reporter-output>
        </test-method> <!-- tearDownClass -->
      </class> <!-- week6.Day1.LearnCucumber.RunnerClass.Login1 -->
    </test> <!-- Default test -->
  </suite> <!-- Default suite -->
</testng-results>
